[2023-07-21 15:21:56,281:INFO:main:welcome to my custom log:]
[2023-07-22 16:26:52,020:INFO:common:yaml file:config\config.yaml is loaded succesfully:]
[2023-07-22 16:26:52,029:INFO:common:yaml file:params.yaml is loaded succesfully:]
[2023-07-22 16:32:25,359:INFO:common:yaml file:config\config.yaml is loaded succesfully:]
[2023-07-22 16:32:25,366:INFO:common:yaml file:params.yaml is loaded succesfully:]
[2023-07-22 16:36:00,160:INFO:common:yaml file:config\config.yaml is loaded succesfully:]
[2023-07-22 16:36:00,164:INFO:common:yaml file:params.yaml is loaded succesfully:]
[2023-07-25 18:21:14,103:INFO:common:yaml file: config\config.yaml loaded successfully:]
[2023-07-25 18:21:14,115:INFO:common:yaml file: params.yaml loaded successfully:]
[2023-07-25 18:22:20,013:INFO:common:yaml file: config\config.yaml loaded successfully:]
[2023-07-25 18:22:20,022:INFO:common:yaml file: params.yaml loaded successfully:]
[2023-07-25 18:53:45,667:INFO:common:yaml file: config\config.yaml loaded successfully:]
[2023-07-25 18:53:45,671:INFO:common:yaml file: params.yaml loaded successfully:]
[2023-07-25 18:54:03,177:INFO:common:yaml file: config\config.yaml loaded successfully:]
[2023-07-25 18:54:03,185:INFO:common:yaml file: params.yaml loaded successfully:]
[2023-07-25 18:54:03,188:INFO:common:created directory at: artifacts:]
[2023-07-25 18:54:03,191:INFO:common:created directory at: artifacts/data_ingestion:]
[2023-07-25 19:10:15,137:INFO:common:yaml file: config\config.yaml loaded successfully:]
[2023-07-25 19:10:15,140:INFO:common:yaml file: params.yaml loaded successfully:]
[2023-07-25 19:10:15,142:INFO:common:created directory at: artifacts:]
[2023-07-25 19:10:15,144:INFO:common:created directory at: artifacts/data_ingestion:]
[2023-07-25 19:24:02,429:INFO:common:yaml file: config\config.yaml loaded successfully:]
[2023-07-25 19:24:02,431:INFO:common:yaml file: params.yaml loaded successfully:]
[2023-07-25 19:24:02,434:INFO:common:created directory at: artifacts:]
[2023-07-25 19:24:02,435:INFO:common:created directory at: artifacts/data_ingestion:]
[2023-07-25 19:26:33,310:INFO:common:yaml file: config\config.yaml loaded successfully:]
[2023-07-25 19:26:33,316:INFO:common:yaml file: params.yaml loaded successfully:]
[2023-07-25 19:26:33,318:INFO:common:created directory at: artifacts:]
[2023-07-25 19:26:33,318:INFO:common:created directory at: artifacts/data_ingestion:]
[2023-07-25 19:26:33,321:INFO:1552846254:File already exists of size:~ 11345 KB:]
[2023-07-25 20:44:59,388:INFO:main:>>>>>> stage Data Ingestion stage started <<<<<<:]
[2023-07-25 20:44:59,388:ERROR:main:get_data_ingestion_config() missing 1 required positional argument: 'self':]
Traceback (most recent call last):
  File "main.py", line 9, in <module>
    data_ingestion.main()
  File "d:\chicken disease classifiation\chicken_disease_classification\src\cnnClassifier\pipeline\stage_01_data_ingestion.py", line 13, in main
    data_ingestion_config=config.get_data_ingestion_config()
TypeError: get_data_ingestion_config() missing 1 required positional argument: 'self'
[2023-07-25 20:47:54,825:INFO:main:>>>>>> stage Data Ingestion stage started <<<<<<:]
[2023-07-25 20:47:54,825:ERROR:main:'DataIngestionTrainingPipeline' object has no attribute 'config':]
Traceback (most recent call last):
  File "main.py", line 9, in <module>
    data_ingestion.main()
  File "d:\chicken disease classifiation\chicken_disease_classification\src\cnnClassifier\pipeline\stage_01_data_ingestion.py", line 13, in main
    data_ingestion_config=config.get_data_ingestion_config(self)
  File "d:\chicken disease classifiation\chicken_disease_classification\src\cnnClassifier\config\configuration.py", line 19, in get_data_ingestion_config
    config = self.config.data_ingestion
AttributeError: 'DataIngestionTrainingPipeline' object has no attribute 'config'
[2023-07-25 20:50:17,690:INFO:main:>>>>>> stage Data Ingestion stage started <<<<<<:]
[2023-07-25 20:50:17,693:INFO:common:yaml file: config\config.yaml loaded successfully:]
[2023-07-25 20:50:17,694:INFO:common:yaml file: params.yaml loaded successfully:]
[2023-07-25 20:50:17,696:INFO:common:created directory at: artifacts:]
[2023-07-25 20:50:17,698:INFO:common:created directory at: artifacts/data_ingestion:]
[2023-07-25 20:50:17,746:ERROR:main:<urlopen error [Errno 11001] getaddrinfo failed>:]
Traceback (most recent call last):
  File "C:\Users\satis\anaconda3\envs\chicken\lib\urllib\request.py", line 1354, in do_open
    h.request(req.get_method(), req.selector, req.data, headers,
  File "C:\Users\satis\anaconda3\envs\chicken\lib\http\client.py", line 1256, in request
    self._send_request(method, url, body, headers, encode_chunked)
  File "C:\Users\satis\anaconda3\envs\chicken\lib\http\client.py", line 1302, in _send_request
    self.endheaders(body, encode_chunked=encode_chunked)
  File "C:\Users\satis\anaconda3\envs\chicken\lib\http\client.py", line 1251, in endheaders
    self._send_output(message_body, encode_chunked=encode_chunked)
  File "C:\Users\satis\anaconda3\envs\chicken\lib\http\client.py", line 1011, in _send_output
    self.send(msg)
  File "C:\Users\satis\anaconda3\envs\chicken\lib\http\client.py", line 951, in send
    self.connect()
  File "C:\Users\satis\anaconda3\envs\chicken\lib\http\client.py", line 1418, in connect
    super().connect()
  File "C:\Users\satis\anaconda3\envs\chicken\lib\http\client.py", line 922, in connect
    self.sock = self._create_connection(
  File "C:\Users\satis\anaconda3\envs\chicken\lib\socket.py", line 787, in create_connection
    for res in getaddrinfo(host, port, 0, SOCK_STREAM):
  File "C:\Users\satis\anaconda3\envs\chicken\lib\socket.py", line 918, in getaddrinfo
    for res in _socket.getaddrinfo(host, port, family, type, proto, flags):
socket.gaierror: [Errno 11001] getaddrinfo failed

During handling of the above exception, another exception occurred:

Traceback (most recent call last):
  File "main.py", line 9, in <module>
    data_ingestion.main()
  File "d:\chicken disease classifiation\chicken_disease_classification\src\cnnClassifier\pipeline\stage_01_data_ingestion.py", line 15, in main
    data_ingestion.download_file()
  File "d:\chicken disease classifiation\chicken_disease_classification\src\cnnClassifier\components\data_ingestion.py", line 15, in download_file
    filename,headers=request.urlretrieve(
  File "C:\Users\satis\anaconda3\envs\chicken\lib\urllib\request.py", line 247, in urlretrieve
    with contextlib.closing(urlopen(url, data)) as fp:
  File "C:\Users\satis\anaconda3\envs\chicken\lib\urllib\request.py", line 222, in urlopen
    return opener.open(url, data, timeout)
  File "C:\Users\satis\anaconda3\envs\chicken\lib\urllib\request.py", line 525, in open
    response = self._open(req, data)
  File "C:\Users\satis\anaconda3\envs\chicken\lib\urllib\request.py", line 542, in _open
    result = self._call_chain(self.handle_open, protocol, protocol +
  File "C:\Users\satis\anaconda3\envs\chicken\lib\urllib\request.py", line 502, in _call_chain
    result = func(*args)
  File "C:\Users\satis\anaconda3\envs\chicken\lib\urllib\request.py", line 1397, in https_open
    return self.do_open(http.client.HTTPSConnection, req,
  File "C:\Users\satis\anaconda3\envs\chicken\lib\urllib\request.py", line 1357, in do_open
    raise URLError(err)
urllib.error.URLError: <urlopen error [Errno 11001] getaddrinfo failed>
[2023-07-25 20:53:07,475:INFO:main:>>>>>> stage Data Ingestion stage started <<<<<<:]
[2023-07-25 20:53:07,479:INFO:common:yaml file: config\config.yaml loaded successfully:]
[2023-07-25 20:53:07,480:INFO:common:yaml file: params.yaml loaded successfully:]
[2023-07-25 20:53:07,482:INFO:common:created directory at: artifacts:]
[2023-07-25 20:53:07,484:INFO:common:created directory at: artifacts/data_ingestion:]
[2023-07-25 20:53:28,927:INFO:data_ingestion:artifacts/data_ingestion/data.zip download with following info:
Connection: close
Content-Length: 11616915
Cache-Control: max-age=300
Content-Security-Policy: default-src 'none'; style-src 'unsafe-inline'; sandbox
Content-Type: application/zip
ETag: "adf745abc03891fe493c3be264ec012691fe3fa21d861f35a27edbe6d86a76b1"
Strict-Transport-Security: max-age=31536000
X-Content-Type-Options: nosniff
X-Frame-Options: deny
X-XSS-Protection: 1; mode=block
X-GitHub-Request-Id: 1A6C:45FF:8A953:9BB78:64BFE8DC
Accept-Ranges: bytes
Date: Tue, 25 Jul 2023 15:23:11 GMT
Via: 1.1 varnish
X-Served-By: cache-maa10223-MAA
X-Cache: MISS
X-Cache-Hits: 0
X-Timer: S1690298589.193221,VS0,VE2067
Vary: Authorization,Accept-Encoding,Origin
Access-Control-Allow-Origin: *
Cross-Origin-Resource-Policy: cross-origin
X-Fastly-Request-ID: 0209959e3191a20874f908c5ce65846127c0413a
Expires: Tue, 25 Jul 2023 15:28:11 GMT
Source-Age: 2

:]
[2023-07-25 20:53:29,290:INFO:main:>>>>>> stage Data Ingestion stage completed <<<<<<

x==========x:]
[2023-07-26 16:44:09,769:INFO:common:yaml file: config\config.yaml loaded successfully:]
[2023-07-26 16:44:09,777:INFO:common:yaml file: params.yaml loaded successfully:]
[2023-07-26 16:44:09,779:INFO:common:created directory at: artifacts:]
[2023-07-26 16:44:09,780:INFO:common:created directory at: artifacts/prepare_base_model:]
[2023-07-26 16:45:01,722:WARNING:saving_utils:Compiled the loaded model, but the compiled metrics have yet to be built. `model.compile_metrics` will be empty until you train or evaluate the model.:]
[2023-07-26 17:33:18,423:INFO:main:>>>>>> stage Data Ingestion stage started <<<<<<:]
[2023-07-26 17:33:18,423:INFO:common:yaml file: config\config.yaml loaded successfully:]
[2023-07-26 17:33:18,423:INFO:common:yaml file: params.yaml loaded successfully:]
[2023-07-26 17:33:18,423:INFO:common:created directory at: artifacts:]
[2023-07-26 17:33:18,423:INFO:common:created directory at: artifacts/data_ingestion:]
[2023-07-26 17:33:28,823:INFO:data_ingestion:artifacts/data_ingestion/data.zip download with following info:
Connection: close
Content-Length: 11616915
Cache-Control: max-age=300
Content-Security-Policy: default-src 'none'; style-src 'unsafe-inline'; sandbox
Content-Type: application/zip
ETag: "adf745abc03891fe493c3be264ec012691fe3fa21d861f35a27edbe6d86a76b1"
Strict-Transport-Security: max-age=31536000
X-Content-Type-Options: nosniff
X-Frame-Options: deny
X-XSS-Protection: 1; mode=block
X-GitHub-Request-Id: A37A:93B8:14B295:1769CC:64C10B88
Accept-Ranges: bytes
Date: Wed, 26 Jul 2023 12:03:21 GMT
Via: 1.1 varnish
X-Served-By: cache-maa10237-MAA
X-Cache: MISS
X-Cache-Hits: 0
X-Timer: S1690373000.247534,VS0,VE1418
Vary: Authorization,Accept-Encoding,Origin
Access-Control-Allow-Origin: *
Cross-Origin-Resource-Policy: cross-origin
X-Fastly-Request-ID: a0e8882665b1da9cdfcf9c2db9ae9c3813a91a91
Expires: Wed, 26 Jul 2023 12:08:21 GMT
Source-Age: 1

:]
[2023-07-26 17:33:29,177:INFO:main:>>>>>> stage Data Ingestion stage completed <<<<<<

x==========x:]
[2023-07-26 17:33:29,177:INFO:main:*******************:]
[2023-07-26 17:33:29,177:INFO:main:>>>>>> stage Prepare Base Model started <<<<<<:]
[2023-07-26 17:33:29,184:INFO:common:yaml file: config\config.yaml loaded successfully:]
[2023-07-26 17:33:29,186:INFO:common:yaml file: params.yaml loaded successfully:]
[2023-07-26 17:33:29,186:INFO:common:created directory at: artifacts:]
[2023-07-26 17:33:29,186:INFO:common:created directory at: artifacts/prepare_base_model:]
[2023-07-26 17:33:29,963:WARNING:saving_utils:Compiled the loaded model, but the compiled metrics have yet to be built. `model.compile_metrics` will be empty until you train or evaluate the model.:]
[2023-07-26 17:33:31,057:INFO:main:>>>>>> stage Prepare Base Model completed <<<<<<

x==========x:]
[2023-07-26 17:56:30,118:INFO:common:yaml file: config\config.yaml loaded successfully:]
[2023-07-26 17:56:30,128:INFO:common:yaml file: params.yaml loaded successfully:]
[2023-07-26 17:56:30,129:INFO:common:created directory at: artifacts:]
[2023-07-26 17:56:30,131:INFO:common:created directory at: artifacts\prepare_callbacks\checkpoint_dir:]
[2023-07-26 17:56:30,132:INFO:common:created directory at: artifacts\prepare_callbacks\tensorboard_log_dir:]
[2023-07-26 19:42:15,471:INFO:common:yaml file: config\config.yaml loaded successfully:]
[2023-07-26 19:42:15,471:INFO:common:yaml file: params.yaml loaded successfully:]
[2023-07-26 19:42:15,488:INFO:common:created directory at: artifacts:]
[2023-07-26 19:42:15,493:INFO:common:created directory at: artifacts\prepare_callbacks\checkpoint_dir:]
[2023-07-26 19:42:15,494:INFO:common:created directory at: artifacts\prepare_callbacks\tensorboard_log_dir:]
[2023-07-26 19:47:04,959:INFO:common:yaml file: config\config.yaml loaded successfully:]
[2023-07-26 19:47:04,965:INFO:common:yaml file: params.yaml loaded successfully:]
[2023-07-26 19:47:04,965:INFO:common:created directory at: artifacts:]
[2023-07-26 19:47:04,968:INFO:common:created directory at: artifacts\prepare_callbacks\checkpoint_dir:]
[2023-07-26 19:47:04,971:INFO:common:created directory at: artifacts\prepare_callbacks\tensorboard_log_dir:]
[2023-07-27 09:04:38,154:INFO:common:yaml file: config\config.yaml loaded successfully:]
[2023-07-27 09:04:38,163:INFO:common:yaml file: params.yaml loaded successfully:]
[2023-07-27 09:04:38,165:INFO:common:created directory at: artifacts:]
[2023-07-27 09:04:38,167:INFO:common:created directory at: artifacts\prepare_callbacks\checkpoint_dir:]
[2023-07-27 09:04:38,168:INFO:common:created directory at: artifacts\prepare_callbacks\tensorboard_log_dir:]
[2023-07-27 09:06:39,626:INFO:common:yaml file: config\config.yaml loaded successfully:]
[2023-07-27 09:06:39,631:INFO:common:yaml file: params.yaml loaded successfully:]
[2023-07-27 09:06:39,633:INFO:common:created directory at: artifacts:]
[2023-07-27 09:06:39,635:INFO:common:created directory at: artifacts\prepare_callbacks\checkpoint_dir:]
[2023-07-27 09:06:39,637:INFO:common:created directory at: artifacts\prepare_callbacks\tensorboard_log_dir:]
[2023-07-27 09:06:39,639:INFO:common:created directory at: artifacts\training:]
[2023-07-27 11:01:19,404:INFO:main:>>>>>> stage Data Ingestion stage started <<<<<<:]
[2023-07-27 11:01:19,413:INFO:common:yaml file: config\config.yaml loaded successfully:]
[2023-07-27 11:01:19,417:INFO:common:yaml file: params.yaml loaded successfully:]
[2023-07-27 11:01:19,420:INFO:common:created directory at: artifacts:]
[2023-07-27 11:01:19,422:INFO:common:created directory at: artifacts/data_ingestion:]
[2023-07-27 11:02:00,596:INFO:data_ingestion:artifacts/data_ingestion/data.zip download with following info:
Connection: close
Content-Length: 11616915
Cache-Control: max-age=300
Content-Security-Policy: default-src 'none'; style-src 'unsafe-inline'; sandbox
Content-Type: application/zip
ETag: "adf745abc03891fe493c3be264ec012691fe3fa21d861f35a27edbe6d86a76b1"
Strict-Transport-Security: max-age=31536000
X-Content-Type-Options: nosniff
X-Frame-Options: deny
X-XSS-Protection: 1; mode=block
X-GitHub-Request-Id: 7E2E:9552:330747:39BBE2:64C20128
Accept-Ranges: bytes
Date: Thu, 27 Jul 2023 05:31:22 GMT
Via: 1.1 varnish
X-Served-By: cache-maa10246-MAA
X-Cache: MISS
X-Cache-Hits: 0
X-Timer: S1690435881.989958,VS0,VE1905
Vary: Authorization,Accept-Encoding,Origin
Access-Control-Allow-Origin: *
Cross-Origin-Resource-Policy: cross-origin
X-Fastly-Request-ID: a94a5c6c5e80ce67da44cfa7aac5d5e241f13c37
Expires: Thu, 27 Jul 2023 05:36:22 GMT
Source-Age: 2

:]
[2023-07-27 11:02:01,000:INFO:main:>>>>>> stage Data Ingestion stage completed <<<<<<

x==========x:]
[2023-07-27 11:02:01,000:INFO:main:*******************:]
[2023-07-27 11:02:01,004:INFO:main:>>>>>> stage Prepare Base Model started <<<<<<:]
[2023-07-27 11:02:01,008:INFO:common:yaml file: config\config.yaml loaded successfully:]
[2023-07-27 11:02:01,012:INFO:common:yaml file: params.yaml loaded successfully:]
[2023-07-27 11:02:01,012:INFO:common:created directory at: artifacts:]
[2023-07-27 11:02:01,012:INFO:common:created directory at: artifacts/prepare_base_model:]
[2023-07-27 11:02:01,874:WARNING:saving_utils:Compiled the loaded model, but the compiled metrics have yet to be built. `model.compile_metrics` will be empty until you train or evaluate the model.:]
[2023-07-27 11:02:02,311:INFO:main:>>>>>> stage Prepare Base Model completed <<<<<<

x==========x:]
[2023-07-27 11:02:02,311:INFO:main:*******************:]
[2023-07-27 11:02:02,311:INFO:main:>>>>>> stage Training started <<<<<<:]
[2023-07-27 11:02:02,311:ERROR:main:name 'ModelTrainingPipeline' is not defined:]
Traceback (most recent call last):
  File "main.py", line 35, in <module>
    model_trainer = ModelTrainingPipeline()
NameError: name 'ModelTrainingPipeline' is not defined
[2023-07-27 11:03:03,643:INFO:main:>>>>>> stage Data Ingestion stage started <<<<<<:]
[2023-07-27 11:03:03,645:INFO:common:yaml file: config\config.yaml loaded successfully:]
[2023-07-27 11:03:03,648:INFO:common:yaml file: params.yaml loaded successfully:]
[2023-07-27 11:03:03,648:INFO:common:created directory at: artifacts:]
[2023-07-27 11:03:03,648:INFO:common:created directory at: artifacts/data_ingestion:]
[2023-07-27 11:04:15,592:INFO:data_ingestion:artifacts/data_ingestion/data.zip download with following info:
Connection: close
Content-Length: 11616915
Cache-Control: max-age=300
Content-Security-Policy: default-src 'none'; style-src 'unsafe-inline'; sandbox
Content-Type: application/zip
ETag: "adf745abc03891fe493c3be264ec012691fe3fa21d861f35a27edbe6d86a76b1"
Strict-Transport-Security: max-age=31536000
X-Content-Type-Options: nosniff
X-Frame-Options: deny
X-XSS-Protection: 1; mode=block
X-GitHub-Request-Id: 7E2E:9552:330747:39BBE2:64C20128
Accept-Ranges: bytes
Date: Thu, 27 Jul 2023 05:33:10 GMT
Via: 1.1 varnish
X-Served-By: cache-maa10246-MAA
X-Cache: HIT
X-Cache-Hits: 0
X-Timer: S1690435991.551615,VS0,VE1
Vary: Authorization,Accept-Encoding,Origin
Access-Control-Allow-Origin: *
Cross-Origin-Resource-Policy: cross-origin
X-Fastly-Request-ID: 6ff84f7329949210038fc3c80deff3c4ce06d9ec
Expires: Thu, 27 Jul 2023 05:38:10 GMT
Source-Age: 109

:]
[2023-07-27 11:04:16,230:INFO:main:>>>>>> stage Data Ingestion stage completed <<<<<<

x==========x:]
[2023-07-27 11:04:16,231:INFO:main:*******************:]
[2023-07-27 11:04:16,231:INFO:main:>>>>>> stage Prepare Base Model started <<<<<<:]
[2023-07-27 11:04:16,240:INFO:common:yaml file: config\config.yaml loaded successfully:]
[2023-07-27 11:04:16,247:INFO:common:yaml file: params.yaml loaded successfully:]
[2023-07-27 11:04:16,247:INFO:common:created directory at: artifacts:]
[2023-07-27 11:04:16,247:INFO:common:created directory at: artifacts/prepare_base_model:]
[2023-07-27 11:04:17,613:WARNING:saving_utils:Compiled the loaded model, but the compiled metrics have yet to be built. `model.compile_metrics` will be empty until you train or evaluate the model.:]
[2023-07-27 11:04:19,014:INFO:main:>>>>>> stage Prepare Base Model completed <<<<<<

x==========x:]
[2023-07-27 11:04:19,018:INFO:main:*******************:]
[2023-07-27 11:04:19,018:INFO:main:>>>>>> stage Training started <<<<<<:]
[2023-07-27 11:04:19,033:INFO:common:yaml file: config\config.yaml loaded successfully:]
[2023-07-27 11:04:19,042:INFO:common:yaml file: params.yaml loaded successfully:]
[2023-07-27 11:04:19,042:INFO:common:created directory at: artifacts:]
[2023-07-27 11:04:19,048:INFO:common:created directory at: artifacts\prepare_callbacks\checkpoint_dir:]
[2023-07-27 11:04:19,048:INFO:common:created directory at: artifacts\prepare_callbacks\tensorboard_log_dir:]
[2023-07-27 11:04:19,064:INFO:common:created directory at: artifacts\training:]
[2023-07-27 11:05:10,311:INFO:main:>>>>>> stage Training completed <<<<<<

x==========x:]
[2023-07-27 11:24:45,764:INFO:common:yaml file: config\config.yaml loaded successfully:]
[2023-07-27 11:24:45,771:INFO:common:yaml file: params.yaml loaded successfully:]
[2023-07-27 11:24:45,772:INFO:common:created directory at: artifacts:]
[2023-07-27 11:25:01,757:INFO:common:json file saved at: scores.json:]
[2023-07-27 11:53:16,552:INFO:main:>>>>>> stage Data Ingestion stage started <<<<<<:]
[2023-07-27 11:53:16,552:INFO:common:yaml file: config\config.yaml loaded successfully:]
[2023-07-27 11:53:16,552:INFO:common:yaml file: params.yaml loaded successfully:]
[2023-07-27 11:53:16,552:INFO:common:created directory at: artifacts:]
[2023-07-27 11:53:16,552:INFO:common:created directory at: artifacts/data_ingestion:]
[2023-07-27 11:53:16,552:INFO:data_ingestion:File already exists of size:~ 11345 KB:]
[2023-07-27 11:53:16,778:INFO:main:>>>>>> stage Data Ingestion stage completed <<<<<<

x==========x:]
[2023-07-27 11:53:16,778:INFO:main:*******************:]
[2023-07-27 11:53:16,778:INFO:main:>>>>>> stage Prepare Base Model started <<<<<<:]
[2023-07-27 11:53:16,778:INFO:common:yaml file: config\config.yaml loaded successfully:]
[2023-07-27 11:53:16,778:INFO:common:yaml file: params.yaml loaded successfully:]
[2023-07-27 11:53:16,778:INFO:common:created directory at: artifacts:]
[2023-07-27 11:53:16,778:INFO:common:created directory at: artifacts/prepare_base_model:]
[2023-07-27 11:53:17,414:WARNING:saving_utils:Compiled the loaded model, but the compiled metrics have yet to be built. `model.compile_metrics` will be empty until you train or evaluate the model.:]
[2023-07-27 11:53:17,763:INFO:main:>>>>>> stage Prepare Base Model completed <<<<<<

x==========x:]
[2023-07-27 11:53:17,763:INFO:main:*******************:]
[2023-07-27 11:53:17,767:INFO:main:>>>>>> stage Training started <<<<<<:]
[2023-07-27 11:53:17,771:INFO:common:yaml file: config\config.yaml loaded successfully:]
[2023-07-27 11:53:17,775:INFO:common:yaml file: params.yaml loaded successfully:]
[2023-07-27 11:53:17,775:INFO:common:created directory at: artifacts:]
[2023-07-27 11:53:17,779:INFO:common:created directory at: artifacts\prepare_callbacks\checkpoint_dir:]
[2023-07-27 11:53:17,779:INFO:common:created directory at: artifacts\prepare_callbacks\tensorboard_log_dir:]
[2023-07-27 11:53:17,785:INFO:common:created directory at: artifacts\training:]
[2023-07-27 11:54:00,796:INFO:main:>>>>>> stage Training completed <<<<<<

x==========x:]
[2023-07-27 11:54:00,809:INFO:main:*******************:]
[2023-07-27 11:54:00,809:INFO:main:>>>>>> stage Evaluation stage started <<<<<<:]
[2023-07-27 11:54:00,811:INFO:common:yaml file: config\config.yaml loaded successfully:]
[2023-07-27 11:54:00,818:INFO:common:yaml file: params.yaml loaded successfully:]
[2023-07-27 11:54:00,818:INFO:common:created directory at: artifacts:]
[2023-07-27 11:54:15,915:INFO:common:json file saved at: scores.json:]
[2023-07-27 11:54:15,917:INFO:main:>>>>>> stage Evaluation stage completed <<<<<<

x==========x:]
[2023-07-27 11:54:53,832:INFO:main:>>>>>> stage Data Ingestion stage started <<<<<<:]
[2023-07-27 11:54:53,834:INFO:common:yaml file: config\config.yaml loaded successfully:]
[2023-07-27 11:54:53,836:INFO:common:yaml file: params.yaml loaded successfully:]
[2023-07-27 11:54:53,837:INFO:common:created directory at: artifacts:]
[2023-07-27 11:54:53,837:INFO:common:created directory at: artifacts/data_ingestion:]
[2023-07-27 11:57:28,942:INFO:data_ingestion:artifacts/data_ingestion/data.zip download with following info:
Connection: close
Content-Length: 11616915
Cache-Control: max-age=300
Content-Security-Policy: default-src 'none'; style-src 'unsafe-inline'; sandbox
Content-Type: application/zip
ETag: "adf745abc03891fe493c3be264ec012691fe3fa21d861f35a27edbe6d86a76b1"
Strict-Transport-Security: max-age=31536000
X-Content-Type-Options: nosniff
X-Frame-Options: deny
X-XSS-Protection: 1; mode=block
X-GitHub-Request-Id: 7AC0:7D25:F29D1:120CC2:64C20DB7
Accept-Ranges: bytes
Date: Thu, 27 Jul 2023 06:24:57 GMT
Via: 1.1 varnish
X-Served-By: cache-maa10248-MAA
X-Cache: MISS
X-Cache-Hits: 0
X-Timer: S1690439095.476840,VS0,VE1556
Vary: Authorization,Accept-Encoding,Origin
Access-Control-Allow-Origin: *
Cross-Origin-Resource-Policy: cross-origin
X-Fastly-Request-ID: 9e20732c8e38fa9927560576086107b1ebf0b469
Expires: Thu, 27 Jul 2023 06:29:57 GMT
Source-Age: 1

:]
[2023-07-27 11:57:29,295:INFO:main:>>>>>> stage Data Ingestion stage completed <<<<<<

x==========x:]
[2023-07-27 11:57:29,295:INFO:main:*******************:]
[2023-07-27 11:57:29,295:INFO:main:>>>>>> stage Prepare Base Model started <<<<<<:]
[2023-07-27 11:57:29,303:INFO:common:yaml file: config\config.yaml loaded successfully:]
[2023-07-27 11:57:29,303:INFO:common:yaml file: params.yaml loaded successfully:]
[2023-07-27 11:57:29,308:INFO:common:created directory at: artifacts:]
[2023-07-27 11:57:29,308:INFO:common:created directory at: artifacts/prepare_base_model:]
[2023-07-27 11:57:29,919:WARNING:saving_utils:Compiled the loaded model, but the compiled metrics have yet to be built. `model.compile_metrics` will be empty until you train or evaluate the model.:]
[2023-07-27 11:57:30,234:INFO:main:>>>>>> stage Prepare Base Model completed <<<<<<

x==========x:]
[2023-07-27 11:57:30,234:INFO:main:*******************:]
[2023-07-27 11:57:30,236:INFO:main:>>>>>> stage Training started <<<<<<:]
[2023-07-27 11:57:30,239:INFO:common:yaml file: config\config.yaml loaded successfully:]
[2023-07-27 11:57:30,241:INFO:common:yaml file: params.yaml loaded successfully:]
[2023-07-27 11:57:30,242:INFO:common:created directory at: artifacts:]
[2023-07-27 11:57:30,244:INFO:common:created directory at: artifacts\prepare_callbacks\checkpoint_dir:]
[2023-07-27 11:57:30,245:INFO:common:created directory at: artifacts\prepare_callbacks\tensorboard_log_dir:]
[2023-07-27 11:57:30,251:INFO:common:created directory at: artifacts\training:]
[2023-07-27 11:58:11,483:INFO:main:>>>>>> stage Training completed <<<<<<

x==========x:]
[2023-07-27 11:58:11,491:INFO:main:*******************:]
[2023-07-27 11:58:11,491:INFO:main:>>>>>> stage Evaluation stage started <<<<<<:]
[2023-07-27 11:58:11,492:INFO:common:yaml file: config\config.yaml loaded successfully:]
[2023-07-27 11:58:11,496:INFO:common:yaml file: params.yaml loaded successfully:]
[2023-07-27 11:58:11,499:INFO:common:created directory at: artifacts:]
[2023-07-27 11:58:26,655:INFO:common:json file saved at: scores.json:]
[2023-07-27 11:58:26,655:INFO:main:>>>>>> stage Evaluation stage completed <<<<<<

x==========x:]
